<?xml version="1.0" encoding="UTF-8"?>
<!-- Generated by org.testng.reporters.JUnitReportReporter -->
<testsuite hostname="set-jaswir.local" failures="0" tests="1" name="com.test1.test.HomePageTest" time="41.627" errors="0" timestamp="06 Jul 2019 13:07:44 GMT" skipped="0">
  <testcase classname="com.test1.test.HomePageTest" name="f" time="41.627"/>
</testsuite> <!-- com.test1.test.HomePageTest -->
