<?xml version="1.0" encoding="UTF-8"?>
<!-- Generated by org.testng.reporters.JUnitReportReporter -->
<testsuite hostname="set-jaswir.local" failures="0" tests="1" name="com.test1.test.PromoPageTest" time="18.570" errors="0" timestamp="06 Jul 2019 15:16:10 GMT" skipped="0">
  <testcase classname="com.test1.test.PromoPageTest" name="visitPromoPage" time="18.570"/>
</testsuite> <!-- com.test1.test.PromoPageTest -->
