<?xml version="1.0" encoding="UTF-8"?>
<!-- Generated by org.testng.reporters.JUnitReportReporter -->
<testsuite hostname="set-jaswir.local" failures="0" tests="1" name="com.test1.test.steps.PromoPageTest" time="14.146" errors="0" timestamp="06 Jul 2019 16:18:39 GMT" skipped="0">
  <testcase classname="com.test1.test.steps.PromoPageTest" name="visitPromoPage" time="14.146"/>
</testsuite> <!-- com.test1.test.steps.PromoPageTest -->
