<?xml version="1.0" encoding="UTF-8"?>
<!-- Generated by org.testng.reporters.JUnitReportReporter -->
<testsuite skipped="1" hostname="set-jaswir.local" name="com.test1.test.steps.HomePageTest" tests="2" failures="0" timestamp="21 Jul 2019 06:31:34 GMT" time="39.725" errors="0">
  <testcase name="searchFlights" time="39.725" classname="com.test1.test.steps.HomePageTest"/>
  <testcase name="login" classname="com.test1.test.steps.HomePageTest">
    <skipped/>
  </testcase> <!-- login -->
</testsuite> <!-- com.test1.test.steps.HomePageTest -->
