<?xml version="1.0" encoding="UTF-8"?>
<!-- Generated by org.testng.reporters.JUnitReportReporter -->
<testsuite skipped="0" hostname="set-jaswir.local" name="com.test1.test.steps.HomePageTest" tests="1" failures="0" timestamp="06 Jul 2019 16:45:04 GMT" time="6.483" errors="0">
  <testcase name="homePage" time="6.483" classname="com.test1.test.steps.HomePageTest"/>
</testsuite> <!-- com.test1.test.steps.HomePageTest -->
