<?xml version="1.0" encoding="UTF-8"?>
<!-- Generated by org.testng.reporters.JUnitReportReporter -->
<testsuite skipped="0" hostname="set-jaswir.local" name="com.test1.test.steps.PromoPageTest" tests="1" failures="0" timestamp="06 Jul 2019 16:54:04 GMT" time="28.292" errors="0">
  <testcase name="tapAPromo" time="28.292" classname="com.test1.test.steps.PromoPageTest"/>
</testsuite> <!-- com.test1.test.steps.PromoPageTest -->
