<?xml version="1.0" encoding="UTF-8"?>
<!-- Generated by org.testng.reporters.JUnitReportReporter -->
<testsuite skipped="0" hostname="set-jaswir.local" name="com.test1.test.HomePageTest" tests="1" failures="0" timestamp="06 Jul 2019 14:08:04 GMT" time="18.594" errors="0">
  <testcase name="f" time="18.594" classname="com.test1.test.HomePageTest"/>
</testsuite> <!-- com.test1.test.HomePageTest -->
